<?xml version="1.0" encoding="UTF-8"?>
<coverage generated="1386931801">
  <project timestamp="1386931801">
    <file name="/home/rapid/open_source/php-resque/lib/Resque/Event.php">
      <class name="Resque_Event" namespace="global" fullPackage="Resque" package="Resque">
        <metrics methods="4" coveredmethods="4" conditionals="0" coveredconditionals="0" statements="25" coveredstatements="23" elements="29" coveredelements="27"/>
      </class>
      <line num="23" type="method" name="trigger" crap="5.02" count="35"/>
      <line num="25" type="stmt" count="35"/>
      <line num="26" type="stmt" count="14"/>
      <line num="27" type="stmt" count="14"/>
      <line num="29" type="stmt" count="35"/>
      <line num="30" type="stmt" count="33"/>
      <line num="33" type="stmt" count="6"/>
      <line num="34" type="stmt" count="6"/>
      <line num="35" type="stmt" count="0"/>
      <line num="37" type="stmt" count="6"/>
      <line num="38" type="stmt" count="2"/>
      <line num="40" type="stmt" count="2"/>
      <line num="50" type="method" name="listen" crap="2" count="7"/>
      <line num="52" type="stmt" count="7"/>
      <line num="53" type="stmt" count="7"/>
      <line num="54" type="stmt" count="7"/>
      <line num="56" type="stmt" count="7"/>
      <line num="57" type="stmt" count="7"/>
      <line num="67" type="method" name="stopListening" crap="3.03" count="1"/>
      <line num="69" type="stmt" count="1"/>
      <line num="70" type="stmt" count="0"/>
      <line num="73" type="stmt" count="1"/>
      <line num="74" type="stmt" count="1"/>
      <line num="75" type="stmt" count="1"/>
      <line num="76" type="stmt" count="1"/>
      <line num="78" type="stmt" count="1"/>
      <line num="84" type="method" name="clearListeners" crap="1" count="7"/>
      <line num="86" type="stmt" count="7"/>
      <line num="87" type="stmt" count="7"/>
      <metrics loc="88" ncloc="54" classes="1" methods="4" coveredmethods="2" conditionals="0" coveredconditionals="0" statements="25" coveredstatements="23" elements="29" coveredelements="25"/>
    </file>
    <file name="/home/rapid/open_source/php-resque/lib/Resque/Exception.php">
      <class name="Resque_Exception" namespace="global" fullPackage="Resque" package="Resque">
        <metrics methods="0" coveredmethods="0" conditionals="0" coveredconditionals="0" statements="0" coveredstatements="0" elements="0" coveredelements="0"/>
      </class>
      <metrics loc="11" ncloc="4" classes="1" methods="0" coveredmethods="0" conditionals="0" coveredconditionals="0" statements="0" coveredstatements="0" elements="0" coveredelements="0"/>
    </file>
    <file name="/home/rapid/open_source/php-resque/lib/Resque/Failure.php">
      <class name="Resque_Failure" namespace="global" fullPackage="Resque" package="Resque">
        <metrics methods="3" coveredmethods="2" conditionals="0" coveredconditionals="0" statements="10" coveredstatements="8" elements="13" coveredelements="10"/>
      </class>
      <line num="2" type="stmt" count="1"/>
      <line num="26" type="method" name="create" crap="1" count="5"/>
      <line num="28" type="stmt" count="5"/>
      <line num="29" type="stmt" count="5"/>
      <line num="30" type="stmt" count="5"/>
      <line num="37" type="method" name="getBackend" crap="2" count="5"/>
      <line num="39" type="stmt" count="5"/>
      <line num="40" type="stmt" count="1"/>
      <line num="41" type="stmt" count="1"/>
      <line num="42" type="stmt" count="1"/>
      <line num="44" type="stmt" count="5"/>
      <line num="54" type="method" name="setBackend" crap="2" count="0"/>
      <line num="56" type="stmt" count="0"/>
      <line num="57" type="stmt" count="0"/>
      <metrics loc="57" ncloc="27" classes="1" methods="3" coveredmethods="2" conditionals="0" coveredconditionals="0" statements="11" coveredstatements="9" elements="14" coveredelements="11"/>
    </file>
    <file name="/home/rapid/open_source/php-resque/lib/Resque/Failure/Interface.php">
      <metrics loc="20" ncloc="5" classes="0" methods="0" coveredmethods="0" conditionals="0" coveredconditionals="0" statements="0" coveredstatements="0" elements="0" coveredelements="0"/>
    </file>
    <file name="/home/rapid/open_source/php-resque/lib/Resque/Failure/Redis.php">
      <class name="Resque_Failure_Redis" namespace="global" fullPackage="Resque.Failure">
        <metrics methods="1" coveredmethods="1" conditionals="0" coveredconditionals="0" statements="11" coveredstatements="11" elements="12" coveredelements="12"/>
      </class>
      <line num="20" type="method" name="__construct" crap="1" count="5"/>
      <line num="22" type="stmt" count="5"/>
      <line num="23" type="stmt" count="5"/>
      <line num="24" type="stmt" count="5"/>
      <line num="25" type="stmt" count="5"/>
      <line num="26" type="stmt" count="5"/>
      <line num="27" type="stmt" count="5"/>
      <line num="28" type="stmt" count="5"/>
      <line num="29" type="stmt" count="5"/>
      <line num="30" type="stmt" count="5"/>
      <line num="31" type="stmt" count="5"/>
      <line num="32" type="stmt" count="5"/>
      <metrics loc="33" ncloc="18" classes="1" methods="1" coveredmethods="1" conditionals="0" coveredconditionals="0" statements="11" coveredstatements="11" elements="12" coveredelements="12"/>
    </file>
    <file name="/home/rapid/open_source/php-resque/lib/Resque/Job.php">
      <class name="Resque_Job" namespace="global" fullPackage="Resque" package="Resque">
        <metrics methods="11" coveredmethods="11" conditionals="0" coveredconditionals="0" statements="89" coveredstatements="88" elements="100" coveredelements="99"/>
      </class>
      <line num="0" type="stmt" count="1"/>
      <line num="41" type="method" name="__construct" crap="1" count="28"/>
      <line num="43" type="stmt" count="28"/>
      <line num="44" type="stmt" count="28"/>
      <line num="45" type="stmt" count="28"/>
      <line num="57" type="method" name="create" crap="4" count="27"/>
      <line num="59" type="stmt" count="27"/>
      <line num="60" type="stmt" count="1"/>
      <line num="62" type="stmt" count="1"/>
      <line num="64" type="stmt" count="26"/>
      <line num="65" type="stmt" count="26"/>
      <line num="66" type="stmt" count="26"/>
      <line num="67" type="stmt" count="26"/>
      <line num="68" type="stmt" count="26"/>
      <line num="69" type="stmt" count="26"/>
      <line num="71" type="stmt" count="26"/>
      <line num="72" type="stmt" count="7"/>
      <line num="73" type="stmt" count="8"/>
      <line num="75" type="stmt" count="26"/>
      <line num="85" type="method" name="reserve" crap="2" count="23"/>
      <line num="87" type="stmt" count="23"/>
      <line num="88" type="stmt" count="23"/>
      <line num="89" type="stmt" count="14"/>
      <line num="92" type="stmt" count="19"/>
      <line num="100" type="method" name="updateStatus" crap="2" count="15"/>
      <line num="102" type="stmt" count="15"/>
      <line num="103" type="stmt" count="7"/>
      <line num="106" type="stmt" count="9"/>
      <line num="107" type="stmt" count="9"/>
      <line num="108" type="stmt" count="9"/>
      <line num="115" type="method" name="getStatus" crap="1" count="2"/>
      <line num="117" type="stmt" count="2"/>
      <line num="118" type="stmt" count="2"/>
      <line num="126" type="method" name="getArguments" crap="2" count="11"/>
      <line num="128" type="stmt" count="11"/>
      <line num="129" type="stmt" count="1"/>
      <line num="132" type="stmt" count="10"/>
      <line num="140" type="method" name="getInstance" crap="4.00" count="9"/>
      <line num="142" type="stmt" count="9"/>
      <line num="143" type="stmt" count="0"/>
      <line num="146" type="stmt" count="9"/>
      <line num="147" type="stmt" count="1"/>
      <line num="148" type="stmt" count="1"/>
      <line num="149" type="stmt" count="1"/>
      <line num="152" type="stmt" count="8"/>
      <line num="153" type="stmt" count="1"/>
      <line num="154" type="stmt" count="1"/>
      <line num="155" type="stmt" count="1"/>
      <line num="158" type="stmt" count="7"/>
      <line num="159" type="stmt" count="7"/>
      <line num="160" type="stmt" count="7"/>
      <line num="161" type="stmt" count="7"/>
      <line num="162" type="stmt" count="7"/>
      <line num="172" type="method" name="perform" crap="4" count="9"/>
      <line num="174" type="stmt" count="9"/>
      <line num="176" type="stmt" count="7"/>
      <line num="178" type="stmt" count="5"/>
      <line num="179" type="stmt" count="1"/>
      <line num="180" type="stmt" count="1"/>
      <line num="182" type="stmt" count="5"/>
      <line num="184" type="stmt" count="4"/>
      <line num="185" type="stmt" count="1"/>
      <line num="186" type="stmt" count="1"/>
      <line num="188" type="stmt" count="4"/>
      <line num="191" type="stmt" count="7"/>
      <line num="192" type="stmt" count="1"/>
      <line num="195" type="stmt" count="3"/>
      <line num="203" type="method" name="fail" crap="1" count="5"/>
      <line num="205" type="stmt" count="5"/>
      <line num="206" type="stmt" count="5"/>
      <line num="207" type="stmt" count="5"/>
      <line num="208" type="stmt" count="5"/>
      <line num="210" type="stmt" count="5"/>
      <line num="211" type="stmt" count="5"/>
      <line num="212" type="stmt" count="5"/>
      <line num="213" type="stmt" count="5"/>
      <line num="214" type="stmt" count="5"/>
      <line num="215" type="stmt" count="5"/>
      <line num="216" type="stmt" count="5"/>
      <line num="217" type="stmt" count="5"/>
      <line num="218" type="stmt" count="5"/>
      <line num="219" type="stmt" count="5"/>
      <line num="220" type="stmt" count="5"/>
      <line num="226" type="method" name="recreate" crap="2" count="2"/>
      <line num="228" type="stmt" count="2"/>
      <line num="229" type="stmt" count="2"/>
      <line num="230" type="stmt" count="2"/>
      <line num="231" type="stmt" count="1"/>
      <line num="232" type="stmt" count="1"/>
      <line num="234" type="stmt" count="2"/>
      <line num="242" type="method" name="__toString" crap="3" count="10"/>
      <line num="245" type="stmt" count="10"/>
      <line num="246" type="stmt" count="10"/>
      <line num="247" type="stmt" count="10"/>
      <line num="248" type="stmt" count="6"/>
      <line num="249" type="stmt" count="6"/>
      <line num="250" type="stmt" count="10"/>
      <line num="251" type="stmt" count="10"/>
      <line num="252" type="stmt" count="9"/>
      <line num="253" type="stmt" count="9"/>
      <line num="254" type="stmt" count="10"/>
      <metrics loc="257" ncloc="172" classes="1" methods="11" coveredmethods="10" conditionals="0" coveredconditionals="0" statements="89" coveredstatements="88" elements="100" coveredelements="98"/>
    </file>
    <file name="/home/rapid/open_source/php-resque/lib/Resque/Job/DirtyExitException.php">
      <class name="Resque_Job_DirtyExitException" namespace="global" fullPackage="Resque" package="Resque">
        <metrics methods="0" coveredmethods="0" conditionals="0" coveredconditionals="0" statements="0" coveredstatements="0" elements="0" coveredelements="0"/>
      </class>
      <metrics loc="11" ncloc="4" classes="1" methods="0" coveredmethods="0" conditionals="0" coveredconditionals="0" statements="0" coveredstatements="0" elements="0" coveredelements="0"/>
    </file>
    <file name="/home/rapid/open_source/php-resque/lib/Resque/Job/DontPerform.php">
      <class name="Resque_Job_DontPerform" namespace="global" fullPackage="Resque" package="Resque">
        <metrics methods="0" coveredmethods="0" conditionals="0" coveredconditionals="0" statements="0" coveredstatements="0" elements="0" coveredelements="0"/>
      </class>
      <metrics loc="11" ncloc="4" classes="1" methods="0" coveredmethods="0" conditionals="0" coveredconditionals="0" statements="0" coveredstatements="0" elements="0" coveredelements="0"/>
    </file>
    <file name="/home/rapid/open_source/php-resque/lib/Resque/Job/Status.php">
      <class name="Resque_Job_Status" namespace="global" fullPackage="Resque" package="Resque">
        <metrics methods="7" coveredmethods="7" conditionals="0" coveredconditionals="0" statements="34" coveredstatements="30" elements="41" coveredelements="37"/>
      </class>
      <line num="40" type="method" name="__construct" crap="1" count="15"/>
      <line num="42" type="stmt" count="15"/>
      <line num="43" type="stmt" count="15"/>
      <line num="51" type="method" name="create" crap="1" count="8"/>
      <line num="54" type="stmt" count="8"/>
      <line num="55" type="stmt" count="8"/>
      <line num="56" type="stmt" count="8"/>
      <line num="57" type="stmt" count="8"/>
      <line num="58" type="stmt" count="8"/>
      <line num="59" type="stmt" count="8"/>
      <line num="67" type="method" name="isTracking" crap="3.03" count="15"/>
      <line num="69" type="stmt" count="15"/>
      <line num="70" type="stmt" count="0"/>
      <line num="73" type="stmt" count="15"/>
      <line num="74" type="stmt" count="8"/>
      <line num="75" type="stmt" count="8"/>
      <line num="78" type="stmt" count="8"/>
      <line num="79" type="stmt" count="8"/>
      <line num="87" type="method" name="update" crap="3.07" count="9"/>
      <line num="89" type="stmt" count="9"/>
      <line num="90" type="stmt" count="5"/>
      <line num="94" type="stmt" count="4"/>
      <line num="95" type="stmt" count="4"/>
      <line num="96" type="stmt" count="4"/>
      <line num="97" type="stmt" count="4"/>
      <line num="100" type="stmt" count="4"/>
      <line num="101" type="stmt" count="0"/>
      <line num="102" type="stmt" count="0"/>
      <line num="103" type="stmt" count="4"/>
      <line num="111" type="method" name="get" crap="3.04" count="7"/>
      <line num="113" type="stmt" count="7"/>
      <line num="114" type="stmt" count="1"/>
      <line num="117" type="stmt" count="7"/>
      <line num="118" type="stmt" count="7"/>
      <line num="119" type="stmt" count="0"/>
      <line num="122" type="stmt" count="7"/>
      <line num="128" type="method" name="stop" crap="1" count="1"/>
      <line num="130" type="stmt" count="1"/>
      <line num="131" type="stmt" count="1"/>
      <line num="138" type="method" name="__toString" crap="1" count="15"/>
      <line num="140" type="stmt" count="15"/>
      <metrics loc="142" ncloc="87" classes="1" methods="7" coveredmethods="4" conditionals="0" coveredconditionals="0" statements="34" coveredstatements="30" elements="41" coveredelements="34"/>
    </file>
    <file name="/home/rapid/open_source/php-resque/lib/Resque/Redis.php">
      <class name="Resque_Redis" namespace="global" fullPackage="Resque" package="Resque">
        <metrics methods="2" coveredmethods="2" conditionals="0" coveredconditionals="0" statements="12" coveredstatements="10" elements="14" coveredelements="12"/>
      </class>
      <line num="88" type="method" name="prefix" crap="2" count="1"/>
      <line num="90" type="stmt" count="1"/>
      <line num="91" type="stmt" count="1"/>
      <line num="92" type="stmt" count="1"/>
      <line num="93" type="stmt" count="1"/>
      <line num="94" type="stmt" count="1"/>
      <line num="104" type="method" name="__call" crap="3.21" count="51"/>
      <line num="105" type="stmt" count="51"/>
      <line num="106" type="stmt" count="51"/>
      <line num="107" type="stmt" count="51"/>
      <line num="108" type="stmt" count="51"/>
      <line num="110" type="stmt" count="51"/>
      <line num="112" type="stmt" count="0"/>
      <line num="113" type="stmt" count="0"/>
      <metrics loc="116" ncloc="58" classes="1" methods="2" coveredmethods="1" conditionals="0" coveredconditionals="0" statements="12" coveredstatements="10" elements="14" coveredelements="11"/>
    </file>
    <file name="/home/rapid/open_source/php-resque/lib/Resque/RedisCluster.php">
      <class name="Resque_RedisCluster" namespace="global" fullPackage="Resque" package="Resque">
        <metrics methods="2" coveredmethods="0" conditionals="0" coveredconditionals="0" statements="19" coveredstatements="0" elements="21" coveredelements="0"/>
      </class>
      <line num="4" type="stmt" count="0"/>
      <line num="5" type="stmt" count="0"/>
      <line num="6" type="stmt" count="0"/>
      <line num="88" type="method" name="prefix" crap="6" count="0"/>
      <line num="89" type="stmt" count="0"/>
      <line num="90" type="stmt" count="0"/>
      <line num="91" type="stmt" count="0"/>
      <line num="92" type="stmt" count="0"/>
      <line num="93" type="stmt" count="0"/>
      <line num="94" type="stmt" count="0"/>
      <line num="104" type="method" name="__call" crap="12" count="0"/>
      <line num="105" type="stmt" count="0"/>
      <line num="106" type="stmt" count="0"/>
      <line num="107" type="stmt" count="0"/>
      <line num="108" type="stmt" count="0"/>
      <line num="109" type="stmt" count="0"/>
      <line num="110" type="stmt" count="0"/>
      <line num="111" type="stmt" count="0"/>
      <line num="112" type="stmt" count="0"/>
      <line num="113" type="stmt" count="0"/>
      <line num="114" type="stmt" count="0"/>
      <line num="115" type="stmt" count="0"/>
      <metrics loc="117" ncloc="59" classes="1" methods="2" coveredmethods="0" conditionals="0" coveredconditionals="0" statements="22" coveredstatements="0" elements="24" coveredelements="0"/>
    </file>
    <file name="/home/rapid/open_source/php-resque/lib/Resque/Stat.php">
      <class name="Resque_Stat" namespace="global" fullPackage="Resque" package="Resque">
        <metrics methods="4" coveredmethods="4" conditionals="0" coveredconditionals="0" statements="4" coveredstatements="4" elements="8" coveredelements="8"/>
      </class>
      <line num="17" type="method" name="get" crap="1" count="7"/>
      <line num="19" type="stmt" count="7"/>
      <line num="29" type="method" name="incr" crap="1" count="17"/>
      <line num="31" type="stmt" count="17"/>
      <line num="41" type="method" name="decr" crap="1" count="2"/>
      <line num="43" type="stmt" count="2"/>
      <line num="52" type="method" name="clear" crap="1" count="14"/>
      <line num="54" type="stmt" count="14"/>
      <metrics loc="55" ncloc="22" classes="1" methods="4" coveredmethods="4" conditionals="0" coveredconditionals="0" statements="4" coveredstatements="4" elements="8" coveredelements="8"/>
    </file>
    <file name="/home/rapid/open_source/php-resque/lib/Resque/Worker.php">
      <class name="Resque_Worker" namespace="global" fullPackage="Resque" package="Resque">
        <metrics methods="29" coveredmethods="25" conditionals="0" coveredconditionals="0" statements="216" coveredstatements="164" elements="245" coveredelements="189"/>
      </class>
      <line num="65" type="method" name="all" crap="3.10" count="14"/>
      <line num="67" type="stmt" count="14"/>
      <line num="68" type="stmt" count="14"/>
      <line num="69" type="stmt" count="0"/>
      <line num="70" type="stmt" count="0"/>
      <line num="72" type="stmt" count="14"/>
      <line num="73" type="stmt" count="14"/>
      <line num="74" type="stmt" count="8"/>
      <line num="75" type="stmt" count="14"/>
      <line num="76" type="stmt" count="14"/>
      <line num="85" type="method" name="exists" crap="1" count="11"/>
      <line num="87" type="stmt" count="11"/>
      <line num="96" type="method" name="find" crap="3.02" count="9"/>
      <line num="98" type="stmt" count="9"/>
      <line num="99" type="stmt" count="0"/>
      <line num="102" type="stmt" count="9"/>
      <line num="103" type="stmt" count="9"/>
      <line num="104" type="stmt" count="9"/>
      <line num="105" type="stmt" count="9"/>
      <line num="106" type="stmt" count="9"/>
      <line num="107" type="stmt" count="9"/>
      <line num="115" type="method" name="setId" crap="1" count="9"/>
      <line num="117" type="stmt" count="9"/>
      <line num="118" type="stmt" count="9"/>
      <line num="131" type="method" name="__construct" crap="3.01" count="44"/>
      <line num="133" type="stmt" count="44"/>
      <line num="134" type="stmt" count="42"/>
      <line num="135" type="stmt" count="42"/>
      <line num="137" type="stmt" count="44"/>
      <line num="138" type="stmt" count="44"/>
      <line num="139" type="stmt" count="44"/>
      <line num="140" type="stmt" count="44"/>
      <line num="142" type="stmt" count="0"/>
      <line num="144" type="stmt" count="44"/>
      <line num="145" type="stmt" count="44"/>
      <line num="146" type="stmt" count="44"/>
      <line num="156" type="method" name="work" crap="18.81" count="10"/>
      <line num="158" type="stmt" count="10"/>
      <line num="159" type="stmt" count="10"/>
      <line num="161" type="stmt" count="10"/>
      <line num="162" type="stmt" count="10"/>
      <line num="163" type="stmt" count="0"/>
      <line num="167" type="stmt" count="10"/>
      <line num="168" type="stmt" count="10"/>
      <line num="169" type="stmt" count="9"/>
      <line num="170" type="stmt" count="9"/>
      <line num="172" type="stmt" count="10"/>
      <line num="174" type="stmt" count="10"/>
      <line num="175" type="stmt" count="10"/>
      <line num="178" type="stmt" count="0"/>
      <line num="179" type="stmt" count="0"/>
      <line num="180" type="stmt" count="0"/>
      <line num="181" type="stmt" count="0"/>
      <line num="183" type="stmt" count="0"/>
      <line num="185" type="stmt" count="0"/>
      <line num="186" type="stmt" count="0"/>
      <line num="189" type="stmt" count="6"/>
      <line num="190" type="stmt" count="6"/>
      <line num="191" type="stmt" count="6"/>
      <line num="193" type="stmt" count="6"/>
      <line num="196" type="stmt" count="6"/>
      <line num="197" type="stmt" count="0"/>
      <line num="198" type="stmt" count="0"/>
      <line num="199" type="stmt" count="0"/>
      <line num="200" type="stmt" count="0"/>
      <line num="201" type="stmt" count="0"/>
      <line num="202" type="stmt" count="0"/>
      <line num="204" type="stmt" count="0"/>
      <line num="206" type="stmt" count="6"/>
      <line num="208" type="stmt" count="6"/>
      <line num="209" type="stmt" count="6"/>
      <line num="210" type="stmt" count="6"/>
      <line num="213" type="stmt" count="6"/>
      <line num="214" type="stmt" count="6"/>
      <line num="215" type="stmt" count="6"/>
      <line num="216" type="stmt" count="0"/>
      <line num="218" type="stmt" count="0"/>
      <line num="219" type="stmt" count="5"/>
      <line num="220" type="stmt" count="6"/>
      <line num="222" type="stmt" count="6"/>
      <line num="223" type="stmt" count="6"/>
      <line num="224" type="stmt" count="6"/>
      <line num="226" type="stmt" count="10"/>
      <line num="227" type="stmt" count="10"/>
      <line num="234" type="method" name="perform" crap="2" count="5"/>
      <line num="237" type="stmt" count="5"/>
      <line num="238" type="stmt" count="4"/>
      <line num="240" type="stmt" count="5"/>
      <line num="241" type="stmt" count="4"/>
      <line num="242" type="stmt" count="4"/>
      <line num="243" type="stmt" count="4"/>
      <line num="246" type="stmt" count="1"/>
      <line num="247" type="stmt" count="1"/>
      <line num="248" type="stmt" count="1"/>
      <line num="255" type="method" name="reserve" crap="4.01" count="18"/>
      <line num="257" type="stmt" count="18"/>
      <line num="258" type="stmt" count="18"/>
      <line num="259" type="stmt" count="0"/>
      <line num="261" type="stmt" count="18"/>
      <line num="262" type="stmt" count="18"/>
      <line num="263" type="stmt" count="18"/>
      <line num="264" type="stmt" count="18"/>
      <line num="265" type="stmt" count="14"/>
      <line num="266" type="stmt" count="14"/>
      <line num="268" type="stmt" count="13"/>
      <line num="270" type="stmt" count="10"/>
      <line num="284" type="method" name="queues" crap="3" count="18"/>
      <line num="286" type="stmt" count="18"/>
      <line num="287" type="stmt" count="16"/>
      <line num="290" type="stmt" count="2"/>
      <line num="291" type="stmt" count="2"/>
      <line num="292" type="stmt" count="2"/>
      <line num="302" type="method" name="fork" crap="3.33" count="6"/>
      <line num="304" type="stmt" count="6"/>
      <line num="305" type="stmt" count="0"/>
      <line num="308" type="stmt" count="6"/>
      <line num="309" type="stmt" count="6"/>
      <line num="310" type="stmt" count="0"/>
      <line num="313" type="stmt" count="6"/>
      <line num="319" type="method" name="startup" crap="1" count="10"/>
      <line num="321" type="stmt" count="10"/>
      <line num="322" type="stmt" count="10"/>
      <line num="323" type="stmt" count="10"/>
      <line num="324" type="stmt" count="10"/>
      <line num="325" type="stmt" count="10"/>
      <line num="334" type="method" name="updateProcLine" crap="2.50" count="10"/>
      <line num="336" type="stmt" count="10"/>
      <line num="337" type="stmt" count="0"/>
      <line num="338" type="stmt" count="0"/>
      <line num="339" type="stmt" count="10"/>
      <line num="349" type="method" name="registerSigHandlers" crap="2.00" count="10"/>
      <line num="351" type="stmt" count="10"/>
      <line num="352" type="stmt" count="0"/>
      <line num="355" type="stmt" count="10"/>
      <line num="356" type="stmt" count="10"/>
      <line num="357" type="stmt" count="10"/>
      <line num="358" type="stmt" count="10"/>
      <line num="359" type="stmt" count="10"/>
      <line num="360" type="stmt" count="10"/>
      <line num="361" type="stmt" count="10"/>
      <line num="362" type="stmt" count="10"/>
      <line num="363" type="stmt" count="10"/>
      <line num="364" type="stmt" count="10"/>
      <line num="369" type="method" name="pauseProcessing" crap="1" count="2"/>
      <line num="371" type="stmt" count="2"/>
      <line num="372" type="stmt" count="2"/>
      <line num="373" type="stmt" count="2"/>
      <line num="379" type="method" name="unPauseProcessing" crap="1" count="1"/>
      <line num="381" type="stmt" count="1"/>
      <line num="382" type="stmt" count="1"/>
      <line num="383" type="stmt" count="1"/>
      <line num="389" type="method" name="reestablishRedisConnection" crap="2" count="0"/>
      <line num="391" type="stmt" count="0"/>
      <line num="392" type="stmt" count="0"/>
      <line num="393" type="stmt" count="0"/>
      <line num="399" type="method" name="shutdown" crap="2" count="0"/>
      <line num="401" type="stmt" count="0"/>
      <line num="402" type="stmt" count="0"/>
      <line num="403" type="stmt" count="0"/>
      <line num="409" type="method" name="shutdownNow" crap="2" count="0"/>
      <line num="411" type="stmt" count="0"/>
      <line num="412" type="stmt" count="0"/>
      <line num="413" type="stmt" count="0"/>
      <line num="419" type="method" name="killChild" crap="20" count="0"/>
      <line num="421" type="stmt" count="0"/>
      <line num="422" type="stmt" count="0"/>
      <line num="423" type="stmt" count="0"/>
      <line num="426" type="stmt" count="0"/>
      <line num="427" type="stmt" count="0"/>
      <line num="428" type="stmt" count="0"/>
      <line num="429" type="stmt" count="0"/>
      <line num="430" type="stmt" count="0"/>
      <line num="431" type="stmt" count="0"/>
      <line num="433" type="stmt" count="0"/>
      <line num="434" type="stmt" count="0"/>
      <line num="436" type="stmt" count="0"/>
      <line num="446" type="method" name="pruneDeadWorkers" crap="6" count="12"/>
      <line num="448" type="stmt" count="12"/>
      <line num="449" type="stmt" count="12"/>
      <line num="450" type="stmt" count="12"/>
      <line num="451" type="stmt" count="7"/>
      <line num="452" type="stmt" count="7"/>
      <line num="453" type="stmt" count="7"/>
      <line num="454" type="stmt" count="7"/>
      <line num="456" type="stmt" count="2"/>
      <line num="457" type="stmt" count="2"/>
      <line num="458" type="stmt" count="2"/>
      <line num="459" type="stmt" count="12"/>
      <line num="460" type="stmt" count="12"/>
      <line num="468" type="method" name="workerPids" crap="2" count="12"/>
      <line num="470" type="stmt" count="12"/>
      <line num="471" type="stmt" count="12"/>
      <line num="472" type="stmt" count="12"/>
      <line num="473" type="stmt" count="12"/>
      <line num="474" type="stmt" count="12"/>
      <line num="475" type="stmt" count="12"/>
      <line num="481" type="method" name="registerWorker" crap="1" count="36"/>
      <line num="483" type="stmt" count="36"/>
      <line num="484" type="stmt" count="36"/>
      <line num="485" type="stmt" count="36"/>
      <line num="490" type="method" name="unregisterWorker" crap="2" count="14"/>
      <line num="492" type="stmt" count="14"/>
      <line num="493" type="stmt" count="1"/>
      <line num="494" type="stmt" count="1"/>
      <line num="496" type="stmt" count="14"/>
      <line num="497" type="stmt" count="14"/>
      <line num="498" type="stmt" count="14"/>
      <line num="499" type="stmt" count="14"/>
      <line num="500" type="stmt" count="14"/>
      <line num="501" type="stmt" count="14"/>
      <line num="502" type="stmt" count="14"/>
      <line num="509" type="method" name="workingOn" crap="1" count="11"/>
      <line num="511" type="stmt" count="11"/>
      <line num="512" type="stmt" count="11"/>
      <line num="513" type="stmt" count="11"/>
      <line num="514" type="stmt" count="11"/>
      <line num="515" type="stmt" count="11"/>
      <line num="516" type="stmt" count="11"/>
      <line num="517" type="stmt" count="11"/>
      <line num="518" type="stmt" count="11"/>
      <line num="519" type="stmt" count="11"/>
      <line num="520" type="stmt" count="11"/>
      <line num="526" type="method" name="doneWorking" crap="1" count="7"/>
      <line num="528" type="stmt" count="7"/>
      <line num="529" type="stmt" count="7"/>
      <line num="530" type="stmt" count="7"/>
      <line num="531" type="stmt" count="7"/>
      <line num="532" type="stmt" count="7"/>
      <line num="539" type="method" name="__toString" crap="1" count="39"/>
      <line num="541" type="stmt" count="39"/>
      <line num="549" type="method" name="log" crap="4.68" count="22"/>
      <line num="551" type="stmt" count="22"/>
      <line num="552" type="stmt" count="0"/>
      <line num="553" type="stmt" count="0"/>
      <line num="554" type="stmt" count="22"/>
      <line num="555" type="stmt" count="0"/>
      <line num="556" type="stmt" count="0"/>
      <line num="557" type="stmt" count="22"/>
      <line num="564" type="method" name="job" crap="2" count="2"/>
      <line num="566" type="stmt" count="2"/>
      <line num="567" type="stmt" count="2"/>
      <line num="568" type="stmt" count="1"/>
      <line num="571" type="stmt" count="1"/>
      <line num="581" type="method" name="getStat" crap="1" count="1"/>
      <line num="583" type="stmt" count="1"/>
      <metrics loc="586" ncloc="383" classes="1" methods="29" coveredmethods="16" conditionals="0" coveredconditionals="0" statements="216" coveredstatements="164" elements="245" coveredelements="180"/>
    </file>
    <metrics files="13" loc="1504" ncloc="897" classes="12" methods="63" coveredmethods="40" conditionals="0" coveredconditionals="0" statements="424" coveredstatements="339" elements="487" coveredelements="379"/>
  </project>
</coverage>
